#
# There is insufficient memory for the Java Runtime Environment to continue.
# Native memory allocation (malloc) failed to allocate 1048576 bytes for AllocateHeap
# Possible reasons:
#   The system is out of physical RAM or swap space
#   In 32 bit mode, the process size limit was hit
# Possible solutions:
#   Reduce memory load on the system
#   Increase physical memory or swap space
#   Check if swap backing store is full
#   Use 64 bit Java on a 64 bit OS
#   Decrease Java heap size (-Xmx/-Xms)
#   Decrease number of Java threads
#   Decrease Java thread stack sizes (-Xss)
#   Set larger code cache with -XX:ReservedCodeCacheSize=
# This output file may be truncated or incomplete.
#
#  Out of Memory Error (memory/allocation.inline.hpp:61), pid=2608, tid=0x0000000000003fac
#
# JRE version:  (8.0) (build )
# Java VM: OpenJDK 64-Bit Server VM (25.71-b00 mixed mode windows-amd64 compressed oops)
# Failed to write core dump. Minidumps are not enabled by default on client versions of Windows
#

---------------  T H R E A D  ---------------

Current thread (0x0000000001fe0800):  JavaThread "Unknown thread" [_thread_in_vm, id=16300, stack(0x0000000001e50000,0x0000000001f50000)]

Stack: [0x0000000001e50000,0x0000000001f50000]
[error occurred during error reporting (printing stack bounds), id 0xc0000005]

Native frames: (J=compiled Java code, j=interpreted, Vv=VM code, C=native code)


---------------  P R O C E S S  ---------------

Java Threads: ( => current thread )

Other Threads:

=>0x0000000001fe0800 (exited) JavaThread "Unknown thread" [_thread_in_vm, id=16300, stack(0x0000000001e50000,0x0000000001f50000)]

VM state:not at safepoint (normal execution)

VM Mutex/Monitor currently owned by a thread: None

Heap:
 PSYoungGen      total 38400K, used 665K [0x00000000d5d00000, 0x00000000d8780000, 0x0000000100000000)
  eden space 33280K, 2% used [0x00000000d5d00000,0x00000000d5da6670,0x00000000d7d80000)
  from space 5120K, 0% used [0x00000000d8280000,0x00000000d8280000,0x00000000d8780000)
  to   space 5120K, 0% used [0x00000000d7d80000,0x00000000d7d80000,0x00000000d8280000)
 ParOldGen       total 87552K, used 0K [0x0000000081600000, 0x0000000086b80000, 0x00000000d5d00000)
  object space 87552K, 0% used [0x0000000081600000,0x0000000081600000,0x0000000086b80000)
 Metaspace       used 777K, capacity 4480K, committed 4480K, reserved 1056768K
  class space    used 74K, capacity 384K, committed 384K, reserved 1048576K

Card table byte_map: [0x00000000114a0000,0x00000000118a0000] byte_map_base: 0x0000000011095000

Marking Bits: (ParMarkBitMap*) 0x00000000745dbe50
 Begin Bits: [0x0000000012350000, 0x00000000142f8000)
 End Bits:   [0x00000000142f8000, 0x00000000162a0000)

Polling page: 0x0000000000690000

CodeCache: size=245760Kb used=328Kb max_used=328Kb free=245431Kb
 bounds [0x00000000020e0000, 0x0000000002350000, 0x00000000110e0000]
 total_blobs=57 nmethods=0 adapters=38
 compilation: enabled

Compilation events (0 events):
No events

GC Heap History (0 events):
No events

Deoptimization events (0 events):
No events

Classes redefined (0 events):
No events

Internal exceptions (0 events):
No events

Events (10 events):
Event: 0.019 loading class java/lang/Short
Event: 0.019 loading class java/lang/Short done
Event: 0.019 loading class java/lang/Integer
Event: 0.019 loading class java/lang/Integer done
Event: 0.019 loading class java/lang/Long
Event: 0.020 loading class java/lang/Long done
Event: 0.020 loading class java/lang/NullPointerException
Event: 0.020 loading class java/lang/NullPointerException done
Event: 0.020 loading class java/lang/ArithmeticException
Event: 0.020 loading class java/lang/ArithmeticException done


Dynamic libraries:
0x00007ff6d84f0000 - 0x00007ff6d8525000 	D:\Unity\2020.1.16f1\Editor\Data\PlaybackEngines\AndroidPlayer\OpenJDK\bin\java.exe
0x00007ff8b85a0000 - 0x00007ff8b8790000 	C:\WINDOWS\SYSTEM32\ntdll.dll
0x00007ff8ae820000 - 0x00007ff8ae832000 	C:\Program Files\AVAST Software\Avast\aswhook.dll
0x00007ff8b7b90000 - 0x00007ff8b7c42000 	C:\WINDOWS\System32\KERNEL32.DLL
0x00007ff8b5920000 - 0x00007ff8b5bc5000 	C:\WINDOWS\System32\KERNELBASE.dll
0x00007ff8b6f20000 - 0x00007ff8b6fc3000 	C:\WINDOWS\System32\ADVAPI32.dll
0x00007ff8b7390000 - 0x00007ff8b742e000 	C:\WINDOWS\System32\msvcrt.dll
0x00007ff8b6e50000 - 0x00007ff8b6ee7000 	C:\WINDOWS\System32\sechost.dll
0x00007ff8b6d30000 - 0x00007ff8b6e50000 	C:\WINDOWS\System32\RPCRT4.dll
0x00007ff8b6b90000 - 0x00007ff8b6d24000 	C:\WINDOWS\System32\USER32.dll
0x00007ff8b5bf0000 - 0x00007ff8b5c11000 	C:\WINDOWS\System32\win32u.dll
0x00007ff8b6ef0000 - 0x00007ff8b6f16000 	C:\WINDOWS\System32\GDI32.dll
0x00007ff8b5c20000 - 0x00007ff8b5db6000 	C:\WINDOWS\System32\gdi32full.dll
0x00007ff8b5850000 - 0x00007ff8b58ee000 	C:\WINDOWS\System32\msvcp_win.dll
0x00007ff8b56d0000 - 0x00007ff8b57ca000 	C:\WINDOWS\System32\ucrtbase.dll
0x00007ff897f60000 - 0x00007ff8981e4000 	C:\WINDOWS\WinSxS\amd64_microsoft.windows.common-controls_6595b64144ccf1df_6.0.18362.1198_none_9e820b57e45ad92f\COMCTL32.dll
0x00007ff8b7790000 - 0x00007ff8b7ac5000 	C:\WINDOWS\System32\combase.dll
0x00007ff8b57d0000 - 0x00007ff8b5850000 	C:\WINDOWS\System32\bcryptPrimitives.dll
0x00007ff8b6fd0000 - 0x00007ff8b6ffe000 	C:\WINDOWS\System32\IMM32.DLL
0x0000000075e50000 - 0x0000000075f22000 	D:\Unity\2020.1.16f1\Editor\Data\PlaybackEngines\AndroidPlayer\OpenJDK\jre\bin\msvcr100.dll
0x0000000073e10000 - 0x0000000074659000 	D:\Unity\2020.1.16f1\Editor\Data\PlaybackEngines\AndroidPlayer\OpenJDK\jre\bin\server\jvm.dll
0x00007ff8b7060000 - 0x00007ff8b7068000 	C:\WINDOWS\System32\PSAPI.DLL
0x00007ff89f5d0000 - 0x00007ff89f5d9000 	C:\WINDOWS\SYSTEM32\WSOCK32.dll
0x00007ff8b7500000 - 0x00007ff8b756f000 	C:\WINDOWS\System32\WS2_32.dll
0x00007ff8b24b0000 - 0x00007ff8b24d4000 	C:\WINDOWS\SYSTEM32\WINMM.dll
0x00007ff8abc90000 - 0x00007ff8abc9a000 	C:\WINDOWS\SYSTEM32\VERSION.dll
0x00007ff8b2480000 - 0x00007ff8b24ad000 	C:\WINDOWS\SYSTEM32\WINMMBASE.dll
0x00007ff8b5dc0000 - 0x00007ff8b5e0a000 	C:\WINDOWS\System32\cfgmgr32.dll
0x00007ff8b1500000 - 0x00007ff8b150f000 	D:\Unity\2020.1.16f1\Editor\Data\PlaybackEngines\AndroidPlayer\OpenJDK\jre\bin\verify.dll
0x00007ff8a2910000 - 0x00007ff8a2939000 	D:\Unity\2020.1.16f1\Editor\Data\PlaybackEngines\AndroidPlayer\OpenJDK\jre\bin\java.dll
0x00007ff8a39b0000 - 0x00007ff8a39c6000 	D:\Unity\2020.1.16f1\Editor\Data\PlaybackEngines\AndroidPlayer\OpenJDK\jre\bin\zip.dll

VM Arguments:
java_command: <unknown>
java_class_path (initial): .
Launcher Type: SUN_STANDARD

Environment Variables:
JAVA_HOME=D:/Unity/2020.1.16f1/Editor/Data/PlaybackEngines/AndroidPlayer\OpenJDK
PATH=C:\Program Files (x86)\Common Files\Oracle\Java\javapath;C:\WINDOWS\system32;C:\WINDOWS;C:\WINDOWS\System32\Wbem;C:\WINDOWS\System32\WindowsPowerShell\v1.0\;C:\WINDOWS\System32\OpenSSH\;C:\Program Files\Git\cmd;C:\Program Files\dotnet\;C:\Program Files\Microsoft SQL Server\130\Tools\Binn\;C:\Program Files\Microsoft SQL Server\Client SDK\ODBC\170\Tools\Binn\;C:\Program Files (x86)\Windows Kits\10\Windows Performance Toolkit\;C:\Users\User\AppData\Local\Microsoft\WindowsApps;;D:\Unity\Microsoft VS Code\bin
USERNAME=User
OS=Windows_NT
PROCESSOR_IDENTIFIER=Intel64 Family 6 Model 142 Stepping 10, GenuineIntel



---------------  S Y S T E M  ---------------

OS: Windows 10.0 , 64 bit Build 18362 (10.0.18362.1110)

CPU:total 8 (initial active 8) (4 cores per cpu, 2 threads per core) family 6 model 142 stepping 10, cmov, cx8, fxsr, mmx, sse, sse2, sse3, ssse3, sse4.1, sse4.2, popcnt, avx, avx2, aes, clmul, erms, 3dnowpref, lzcnt, ht, tsc, tscinvbit, bmi1, bmi2, adx

Memory: 4k page, physical 8291556k(905892k free), swap 12485860k(5688k free)

vm_info: OpenJDK 64-Bit Server VM (25.71-b00) for windows-amd64 JRE (1.8.0-adoptopenjdk-_2018_05_19_00_59-b00), built on May 19 2018 01:02:12 by "jenkins" with MS VC++ 10.0 (VS2010)

time: Wed Dec 09 12:58:19 2020
elapsed time: 0 seconds (0d 0h 0m 0s)

