#
# There is insufficient memory for the Java Runtime Environment to continue.
# Native memory allocation (malloc) failed to allocate 710016 bytes for Chunk::new
# Possible reasons:
#   The system is out of physical RAM or swap space
#   In 32 bit mode, the process size limit was hit
# Possible solutions:
#   Reduce memory load on the system
#   Increase physical memory or swap space
#   Check if swap backing store is full
#   Use 64 bit Java on a 64 bit OS
#   Decrease Java heap size (-Xmx/-Xms)
#   Decrease number of Java threads
#   Decrease Java thread stack sizes (-Xss)
#   Set larger code cache with -XX:ReservedCodeCacheSize=
# This output file may be truncated or incomplete.
#
#  Out of Memory Error (allocation.cpp:390), pid=6808, tid=0x0000000000000ccc
#
# JRE version: OpenJDK Runtime Environment (8.0) (build 1.8.0-adoptopenjdk-_2018_05_19_00_59-b00)
# Java VM: OpenJDK 64-Bit Server VM (25.71-b00 mixed mode windows-amd64 compressed oops)
# Failed to write core dump. Minidumps are not enabled by default on client versions of Windows
#

---------------  T H R E A D  ---------------

Current thread (0x0000000019059000):  JavaThread "C2 CompilerThread1" daemon [_thread_in_native, id=3276, stack(0x0000000019930000,0x0000000019a30000)]

Stack: [0x0000000019930000,0x0000000019a30000]
[error occurred during error reporting (printing stack bounds), id 0xc0000005]

Native frames: (J=compiled Java code, j=interpreted, Vv=VM code, C=native code)


Current CompileTask:
C2:   4889 2181       4       com.sun.org.apache.xerces.internal.impl.XMLNSDocumentScannerImpl::scanStartElement (1026 bytes)


---------------  P R O C E S S  ---------------

Java Threads: ( => current thread )
  0x000000001b285800 JavaThread "Keep-Alive-Timer" daemon [_thread_blocked, id=15972, stack(0x000000001c140000,0x000000001c240000)]
  0x00000000190e9800 JavaThread "Service Thread" daemon [_thread_blocked, id=7864, stack(0x0000000019c30000,0x0000000019d30000)]
  0x000000001905f800 JavaThread "C1 CompilerThread3" daemon [_thread_blocked, id=12208, stack(0x0000000019b30000,0x0000000019c30000)]
  0x000000001905a000 JavaThread "C2 CompilerThread2" daemon [_thread_in_native, id=16380, stack(0x0000000019a30000,0x0000000019b30000)]
=>0x0000000019059000 JavaThread "C2 CompilerThread1" daemon [_thread_in_native, id=3276, stack(0x0000000019930000,0x0000000019a30000)]
  0x0000000019055000 JavaThread "C2 CompilerThread0" daemon [_thread_blocked, id=15716, stack(0x0000000019830000,0x0000000019930000)]
  0x0000000019053800 JavaThread "Attach Listener" daemon [_thread_blocked, id=15904, stack(0x0000000019730000,0x0000000019830000)]
  0x0000000019052800 JavaThread "Signal Dispatcher" daemon [_thread_blocked, id=10740, stack(0x0000000019630000,0x0000000019730000)]
  0x0000000019040800 JavaThread "Finalizer" daemon [_thread_blocked, id=16332, stack(0x0000000019420000,0x0000000019520000)]
  0x000000001713b000 JavaThread "Reference Handler" daemon [_thread_blocked, id=12776, stack(0x0000000018f20000,0x0000000019020000)]
  0x0000000002094000 JavaThread "main" [_thread_in_native, id=8464, stack(0x0000000001f90000,0x0000000002090000)]

Other Threads:
  0x0000000017136000 VMThread [stack: 0x0000000018e20000,0x0000000018f20000] [id=2956]
  0x00000000190eb800 WatcherThread [stack: 0x0000000019d30000,0x0000000019e30000] [id=12240]

VM state:not at safepoint (normal execution)

VM Mutex/Monitor currently owned by a thread: None

Heap:
 PSYoungGen      total 38400K, used 26904K [0x00000000d5d00000, 0x00000000d8780000, 0x0000000100000000)
  eden space 33280K, 65% used [0x00000000d5d00000,0x00000000d7248898,0x00000000d7d80000)
  from space 5120K, 99% used [0x00000000d7d80000,0x00000000d827db50,0x00000000d8280000)
  to   space 5120K, 0% used [0x00000000d8280000,0x00000000d8280000,0x00000000d8780000)
 ParOldGen       total 87552K, used 1668K [0x0000000081600000, 0x0000000086b80000, 0x00000000d5d00000)
  object space 87552K, 1% used [0x0000000081600000,0x00000000817a1168,0x0000000086b80000)
 Metaspace       used 17072K, capacity 17436K, committed 17792K, reserved 1064960K
  class space    used 1961K, capacity 2076K, committed 2176K, reserved 1048576K

Card table byte_map: [0x0000000011550000,0x0000000011950000] byte_map_base: 0x0000000011145000

Marking Bits: (ParMarkBitMap*) 0x00000000745dbe50
 Begin Bits: [0x0000000012400000, 0x00000000143a8000)
 End Bits:   [0x00000000143a8000, 0x0000000016350000)

Polling page: 0x0000000000590000

CodeCache: size=245760Kb used=7765Kb max_used=7782Kb free=237995Kb
 bounds [0x0000000002190000, 0x0000000002930000, 0x0000000011190000]
 total_blobs=2652 nmethods=2235 adapters=329
 compilation: disabled (not enough contiguous free space left)

Compilation events (10 events):
Event: 4.873 Thread 0x000000001905f800 nmethod 2249 0x0000000002922790 code [0x0000000002922b60, 0x0000000002924e88]
Event: 4.873 Thread 0x000000001905f800 2250   !   3       com.sun.org.apache.xerces.internal.parsers.AbstractSAXParser::comment (39 bytes)
Event: 4.873 Thread 0x000000001905f800 nmethod 2250 0x0000000002927290 code [0x0000000002927420, 0x0000000002927758]
Event: 4.874 Thread 0x000000001905f800 2244       3       com.sun.xml.internal.bind.v2.runtime.unmarshaller.UnmarshallingContext::getObjectFromId (10 bytes)
Event: 4.874 Thread 0x000000001905f800 nmethod 2244 0x0000000002927910 code [0x0000000002927a80, 0x0000000002927ca8]
Event: 4.874 Thread 0x000000001905f800 2251       3       java.lang.Long::parseLong (272 bytes)
Event: 4.875 Thread 0x0000000019055000 nmethod 2204 0x000000000292ad50 code [0x000000000292af80, 0x000000000292c758]
Event: 4.875 Thread 0x0000000019055000 2211       4       java.util.regex.Matcher::find (69 bytes)
Event: 4.879 Thread 0x0000000019055000 

Event: 4.879 Thread 0x000000001905f800 


GC Heap History (2 events):
Event: 4.042 GC heap before
{Heap before GC invocations=1 (full 0):
 PSYoungGen      total 38400K, used 33280K [0x00000000d5d00000, 0x00000000d8780000, 0x0000000100000000)
  eden space 33280K, 100% used [0x00000000d5d00000,0x00000000d7d80000,0x00000000d7d80000)
  from space 5120K, 0% used [0x00000000d8280000,0x00000000d8280000,0x00000000d8780000)
  to   space 5120K, 0% used [0x00000000d7d80000,0x00000000d7d80000,0x00000000d8280000)
 ParOldGen       total 87552K, used 0K [0x0000000081600000, 0x0000000086b80000, 0x00000000d5d00000)
  object space 87552K, 0% used [0x0000000081600000,0x0000000081600000,0x0000000086b80000)
 Metaspace       used 15889K, capacity 16292K, committed 16640K, reserved 1064960K
  class space    used 1874K, capacity 2016K, committed 2048K, reserved 1048576K
Event: 4.056 GC heap after
Heap after GC invocations=1 (full 0):
 PSYoungGen      total 38400K, used 5110K [0x00000000d5d00000, 0x00000000d8780000, 0x0000000100000000)
  eden space 33280K, 0% used [0x00000000d5d00000,0x00000000d5d00000,0x00000000d7d80000)
  from space 5120K, 99% used [0x00000000d7d80000,0x00000000d827db50,0x00000000d8280000)
  to   space 5120K, 0% used [0x00000000d8280000,0x00000000d8280000,0x00000000d8780000)
 ParOldGen       total 87552K, used 1668K [0x0000000081600000, 0x0000000086b80000, 0x00000000d5d00000)
  object space 87552K, 1% used [0x0000000081600000,0x00000000817a1168,0x0000000086b80000)
 Metaspace       used 15889K, capacity 16292K, committed 16640K, reserved 1064960K
  class space    used 1874K, capacity 2016K, committed 2048K, reserved 1048576K
}

Deoptimization events (10 events):
Event: 4.350 Thread 0x0000000002094000 Uncommon trap: reason=unstable_if action=reinterpret pc=0x00000000026f4d10 method=com.sun.org.apache.xerces.internal.impl.XMLEntityScanner.scanContent(Lcom/sun/org/apache/xerces/internal/xni/XMLString;)I @ 526
Event: 4.426 Thread 0x0000000002094000 Uncommon trap: reason=unstable_if action=reinterpret pc=0x00000000024a4834 method=com.sun.org.apache.xerces.internal.impl.XMLEntityScanner.checkBeforeLoad(Lcom/sun/xml/internal/stream/Entity$ScannedEntity;II)I @ 18
Event: 4.475 Thread 0x0000000002094000 Uncommon trap: reason=unstable_if action=reinterpret pc=0x00000000027fa5a4 method=com.sun.org.apache.xerces.internal.impl.XMLEntityScanner.checkBeforeLoad(Lcom/sun/xml/internal/stream/Entity$ScannedEntity;II)I @ 18
Event: 4.514 Thread 0x0000000002094000 Uncommon trap: reason=unstable_if action=reinterpret pc=0x000000000279a144 method=java.lang.AbstractStringBuilder.append(Ljava/lang/CharSequence;)Ljava/lang/AbstractStringBuilder; @ 13
Event: 4.835 Thread 0x0000000002094000 Uncommon trap: reason=unstable_if action=reinterpret pc=0x000000000285ce08 method=com.sun.org.apache.xerces.internal.impl.XMLEntityScanner.peekChar()I @ 14
Event: 4.835 Thread 0x0000000002094000 Uncommon trap: reason=unstable_if action=reinterpret pc=0x000000000274b570 method=com.sun.org.apache.xerces.internal.impl.XMLEntityScanner.peekChar()I @ 14
Event: 4.835 Thread 0x0000000002094000 Uncommon trap: reason=unstable_if action=reinterpret pc=0x000000000286a9bc method=com.sun.xml.internal.bind.v2.runtime.unmarshaller.ValidatingUnmarshaller.text(Ljava/lang/CharSequence;)V @ 13
Event: 4.837 Thread 0x0000000002094000 Uncommon trap: reason=unstable_if action=reinterpret pc=0x000000000271ea68 method=java.util.regex.Pattern$BitClass.isSatisfiedBy(I)Z @ 4
Event: 4.843 Thread 0x0000000002094000 Uncommon trap: reason=unstable_if action=reinterpret pc=0x000000000274aca4 method=java.util.regex.Matcher.find()Z @ 34
Event: 4.851 Thread 0x0000000002094000 Uncommon trap: reason=unstable_if action=reinterpret pc=0x000000000282fbc8 method=com.sun.org.apache.xerces.internal.impl.xpath.regex.RangeToken.match(I)Z @ 4

Classes redefined (0 events):
No events

Internal exceptions (10 events):
Event: 1.977 Thread 0x0000000002094000 Exception <a 'sun/nio/fs/WindowsException'> (0x00000000d6fc6eb0) thrown at [C:\Users\jenkins\workspace\openjdk8_build_x86-64_windows\openjdk\hotspot\src\share\vm\prims\jni.cpp, line 709]
Event: 1.977 Thread 0x0000000002094000 Exception <a 'sun/nio/fs/WindowsException'> (0x00000000d6fc7a18) thrown at [C:\Users\jenkins\workspace\openjdk8_build_x86-64_windows\openjdk\hotspot\src\share\vm\prims\jni.cpp, line 709]
Event: 1.977 Thread 0x0000000002094000 Exception <a 'sun/nio/fs/WindowsException'> (0x00000000d6fc80e8) thrown at [C:\Users\jenkins\workspace\openjdk8_build_x86-64_windows\openjdk\hotspot\src\share\vm\prims\jni.cpp, line 709]
Event: 4.112 Thread 0x0000000002094000 Implicit null exception at 0x00000000026506d8 to 0x000000000265081d
Event: 4.266 Thread 0x0000000002094000 Exception <a 'java/lang/ClassNotFoundException': com/sun/org/glassfish/hk2/osgiresourcelocator/ServiceLoader> (0x00000000d5fe5dd0) thrown at [C:\Users\jenkins\workspace\openjdk8_build_x86-64_windows\openjdk\hotspot\src\share\vm\classfile\systemDictionary.
Event: 4.535 Thread 0x0000000002094000 Exception <a 'sun/nio/fs/WindowsException'> (0x00000000d6863ed0) thrown at [C:\Users\jenkins\workspace\openjdk8_build_x86-64_windows\openjdk\hotspot\src\share\vm\prims\jni.cpp, line 709]
Event: 4.535 Thread 0x0000000002094000 Exception <a 'sun/nio/fs/WindowsException'> (0x00000000d6864380) thrown at [C:\Users\jenkins\workspace\openjdk8_build_x86-64_windows\openjdk\hotspot\src\share\vm\prims\jni.cpp, line 709]
Event: 4.597 Thread 0x0000000002094000 Exception <a 'java/lang/ClassNotFoundException': com/sun/org/glassfish/hk2/osgiresourcelocator/ServiceLoader> (0x00000000d68ac3b8) thrown at [C:\Users\jenkins\workspace\openjdk8_build_x86-64_windows\openjdk\hotspot\src\share\vm\classfile\systemDictionary.
Event: 4.762 Thread 0x0000000002094000 Exception <a 'java/lang/ClassNotFoundException': com/sun/org/glassfish/hk2/osgiresourcelocator/ServiceLoader> (0x00000000d6acb8b8) thrown at [C:\Users\jenkins\workspace\openjdk8_build_x86-64_windows\openjdk\hotspot\src\share\vm\classfile\systemDictionary.
Event: 4.851 Thread 0x0000000002094000 Implicit null exception at 0x000000000282fb10 to 0x000000000282fbb1

Events (10 events):
Event: 4.843 Thread 0x0000000002094000 Uncommon trap: trap_request=0xffffff65 fr.pc=0x000000000274aca4
Event: 4.843 Thread 0x0000000002094000 DEOPT PACKING pc=0x000000000274aca4 sp=0x000000000208e550
Event: 4.843 Thread 0x0000000002094000 DEOPT UNPACKING pc=0x00000000021d557b sp=0x000000000208e518 mode 2
Event: 4.851 Thread 0x0000000002094000 Uncommon trap: trap_request=0xffffff65 fr.pc=0x000000000282fbc8
Event: 4.851 Thread 0x0000000002094000 DEOPT PACKING pc=0x000000000282fbc8 sp=0x000000000208dcf0
Event: 4.851 Thread 0x0000000002094000 DEOPT UNPACKING pc=0x00000000021d557b sp=0x000000000208dc78 mode 2
Event: 4.875 loading class com/android/repository/util/InstallerUtil
Event: 4.875 loading class com/android/repository/util/InstallerUtil done
Event: 4.878 Executing VM operation: ForceSafepoint
Event: 4.878 Executing VM operation: ForceSafepoint done


Dynamic libraries:
0x00007ff6d84f0000 - 0x00007ff6d8525000 	D:\Unity\2020.1.16f1\Editor\Data\PlaybackEngines\AndroidPlayer\OpenJDK\bin\java.exe
0x00007ff8b85a0000 - 0x00007ff8b8790000 	C:\WINDOWS\SYSTEM32\ntdll.dll
0x00007ff8ae820000 - 0x00007ff8ae832000 	C:\Program Files\AVAST Software\Avast\aswhook.dll
0x00007ff8b7b90000 - 0x00007ff8b7c42000 	C:\WINDOWS\System32\KERNEL32.DLL
0x00007ff8b5920000 - 0x00007ff8b5bc5000 	C:\WINDOWS\System32\KERNELBASE.dll
0x00007ff8b6f20000 - 0x00007ff8b6fc3000 	C:\WINDOWS\System32\ADVAPI32.dll
0x00007ff8b7390000 - 0x00007ff8b742e000 	C:\WINDOWS\System32\msvcrt.dll
0x00007ff8b6e50000 - 0x00007ff8b6ee7000 	C:\WINDOWS\System32\sechost.dll
0x00007ff8b6d30000 - 0x00007ff8b6e50000 	C:\WINDOWS\System32\RPCRT4.dll
0x00007ff8b6b90000 - 0x00007ff8b6d24000 	C:\WINDOWS\System32\USER32.dll
0x00007ff8b5bf0000 - 0x00007ff8b5c11000 	C:\WINDOWS\System32\win32u.dll
0x00007ff8b6ef0000 - 0x00007ff8b6f16000 	C:\WINDOWS\System32\GDI32.dll
0x00007ff8b5c20000 - 0x00007ff8b5db6000 	C:\WINDOWS\System32\gdi32full.dll
0x00007ff8b5850000 - 0x00007ff8b58ee000 	C:\WINDOWS\System32\msvcp_win.dll
0x00007ff8b56d0000 - 0x00007ff8b57ca000 	C:\WINDOWS\System32\ucrtbase.dll
0x00007ff897f60000 - 0x00007ff8981e4000 	C:\WINDOWS\WinSxS\amd64_microsoft.windows.common-controls_6595b64144ccf1df_6.0.18362.1198_none_9e820b57e45ad92f\COMCTL32.dll
0x00007ff8b7790000 - 0x00007ff8b7ac5000 	C:\WINDOWS\System32\combase.dll
0x00007ff8b57d0000 - 0x00007ff8b5850000 	C:\WINDOWS\System32\bcryptPrimitives.dll
0x00007ff8b6fd0000 - 0x00007ff8b6ffe000 	C:\WINDOWS\System32\IMM32.DLL
0x0000000075e50000 - 0x0000000075f22000 	D:\Unity\2020.1.16f1\Editor\Data\PlaybackEngines\AndroidPlayer\OpenJDK\jre\bin\msvcr100.dll
0x0000000073e10000 - 0x0000000074659000 	D:\Unity\2020.1.16f1\Editor\Data\PlaybackEngines\AndroidPlayer\OpenJDK\jre\bin\server\jvm.dll
0x00007ff8b7060000 - 0x00007ff8b7068000 	C:\WINDOWS\System32\PSAPI.DLL
0x00007ff89f5d0000 - 0x00007ff89f5d9000 	C:\WINDOWS\SYSTEM32\WSOCK32.dll
0x00007ff8b7500000 - 0x00007ff8b756f000 	C:\WINDOWS\System32\WS2_32.dll
0x00007ff8b24b0000 - 0x00007ff8b24d4000 	C:\WINDOWS\SYSTEM32\WINMM.dll
0x00007ff8abc90000 - 0x00007ff8abc9a000 	C:\WINDOWS\SYSTEM32\VERSION.dll
0x00007ff8b2480000 - 0x00007ff8b24ad000 	C:\WINDOWS\SYSTEM32\WINMMBASE.dll
0x00007ff8b5dc0000 - 0x00007ff8b5e0a000 	C:\WINDOWS\System32\cfgmgr32.dll
0x00007ff8b1500000 - 0x00007ff8b150f000 	D:\Unity\2020.1.16f1\Editor\Data\PlaybackEngines\AndroidPlayer\OpenJDK\jre\bin\verify.dll
0x00007ff8a2910000 - 0x00007ff8a2939000 	D:\Unity\2020.1.16f1\Editor\Data\PlaybackEngines\AndroidPlayer\OpenJDK\jre\bin\java.dll
0x00007ff8a39b0000 - 0x00007ff8a39c6000 	D:\Unity\2020.1.16f1\Editor\Data\PlaybackEngines\AndroidPlayer\OpenJDK\jre\bin\zip.dll
0x00007ff8b7c50000 - 0x00007ff8b8337000 	C:\WINDOWS\System32\SHELL32.dll
0x00007ff8b6670000 - 0x00007ff8b6719000 	C:\WINDOWS\System32\shcore.dll
0x00007ff8b5ec0000 - 0x00007ff8b6641000 	C:\WINDOWS\System32\windows.storage.dll
0x00007ff8b54f0000 - 0x00007ff8b5513000 	C:\WINDOWS\System32\profapi.dll
0x00007ff8b54a0000 - 0x00007ff8b54ea000 	C:\WINDOWS\System32\powrprof.dll
0x00007ff8b5450000 - 0x00007ff8b5460000 	C:\WINDOWS\System32\UMPDC.dll
0x00007ff8b8500000 - 0x00007ff8b8552000 	C:\WINDOWS\System32\shlwapi.dll
0x00007ff8b5460000 - 0x00007ff8b5471000 	C:\WINDOWS\System32\kernel.appcore.dll
0x00007ff8b5bd0000 - 0x00007ff8b5be7000 	C:\WINDOWS\System32\cryptsp.dll
0x00007ff8a28f0000 - 0x00007ff8a290a000 	D:\Unity\2020.1.16f1\Editor\Data\PlaybackEngines\AndroidPlayer\OpenJDK\jre\bin\net.dll
0x00007ff8b4c50000 - 0x00007ff8b4cb7000 	C:\WINDOWS\system32\mswsock.dll
0x00007ff8a28d0000 - 0x00007ff8a28e1000 	D:\Unity\2020.1.16f1\Editor\Data\PlaybackEngines\AndroidPlayer\OpenJDK\jre\bin\nio.dll
0x00007ff8a2870000 - 0x00007ff8a2894000 	D:\Unity\2020.1.16f1\Editor\Data\PlaybackEngines\AndroidPlayer\OpenJDK\jre\bin\sunec.dll
0x00007ff8b47d0000 - 0x00007ff8b4803000 	C:\WINDOWS\system32\rsaenh.dll
0x00007ff8b58f0000 - 0x00007ff8b5916000 	C:\WINDOWS\System32\bcrypt.dll
0x00007ff8b5370000 - 0x00007ff8b5395000 	C:\WINDOWS\SYSTEM32\USERENV.dll
0x00007ff8b4dd0000 - 0x00007ff8b4ddc000 	C:\WINDOWS\SYSTEM32\CRYPTBASE.dll
0x00007ff8b4970000 - 0x00007ff8b49aa000 	C:\WINDOWS\SYSTEM32\IPHLPAPI.DLL
0x00007ff8b7b80000 - 0x00007ff8b7b88000 	C:\WINDOWS\System32\NSI.dll
0x00007ff8a96c0000 - 0x00007ff8a96d6000 	C:\WINDOWS\SYSTEM32\dhcpcsvc6.DLL
0x00007ff8abed0000 - 0x00007ff8abeec000 	C:\WINDOWS\SYSTEM32\dhcpcsvc.DLL
0x00007ff8b49b0000 - 0x00007ff8b4a7b000 	C:\WINDOWS\SYSTEM32\DNSAPI.dll
0x00007ff8af1a0000 - 0x00007ff8af1ab000 	D:\Unity\2020.1.16f1\Editor\Data\PlaybackEngines\AndroidPlayer\OpenJDK\jre\bin\sunmscapi.dll
0x00007ff8b5580000 - 0x00007ff8b56c9000 	C:\WINDOWS\System32\CRYPT32.dll
0x00007ff8b5480000 - 0x00007ff8b5492000 	C:\WINDOWS\System32\MSASN1.dll
0x00007ff89f7c0000 - 0x00007ff89f7ca000 	C:\Windows\System32\rasadhlp.dll
0x00007ff8a94a0000 - 0x00007ff8a9517000 	C:\WINDOWS\System32\fwpuclnt.dll

VM Arguments:
jvm_args: -Dfile.encoding=UTF-8 -Dcom.android.sdklib.toolsdir=D:\Unity\2020.1.16f1\Editor\Data\PlaybackEngines\AndroidPlayer\SDK\tools\bin\\.. 
java_command: com.android.sdklib.tool.sdkmanager.SdkManagerCli --list
java_class_path (initial): D:\Unity\2020.1.16f1\Editor\Data\PlaybackEngines\AndroidPlayer\SDK\tools\bin\..\lib\dvlib-26.0.0-dev.jar;D:\Unity\2020.1.16f1\Editor\Data\PlaybackEngines\AndroidPlayer\SDK\tools\bin\..\lib\jimfs-1.1.jar;D:\Unity\2020.1.16f1\Editor\Data\PlaybackEngines\AndroidPlayer\SDK\tools\bin\..\lib\jsr305-1.3.9.jar;D:\Unity\2020.1.16f1\Editor\Data\PlaybackEngines\AndroidPlayer\SDK\tools\bin\..\lib\repository-26.0.0-dev.jar;D:\Unity\2020.1.16f1\Editor\Data\PlaybackEngines\AndroidPlayer\SDK\tools\bin\..\lib\j2objc-annotations-1.1.jar;D:\Unity\2020.1.16f1\Editor\Data\PlaybackEngines\AndroidPlayer\SDK\tools\bin\..\lib\layoutlib-api-26.0.0-dev.jar;D:\Unity\2020.1.16f1\Editor\Data\PlaybackEngines\AndroidPlayer\SDK\tools\bin\..\lib\gson-2.3.jar;D:\Unity\2020.1.16f1\Editor\Data\PlaybackEngines\AndroidPlayer\SDK\tools\bin\..\lib\httpcore-4.2.5.jar;D:\Unity\2020.1.16f1\Editor\Data\PlaybackEngines\AndroidPlayer\SDK\tools\bin\..\lib\commons-logging-1.1.1.jar;D:\Unity\2020.1.16f1\Editor\Data\PlaybackEngines\AndroidPlayer\SDK\tools\bin\..\lib\commons-compress-1.12.jar;D:\Unity\2020.1.16f1\Editor\Data\PlaybackEngines\AndroidPlayer\SDK\tools\bin\..\lib\annotations-26.0.0-dev.jar;D:\Unity\2020.1.16f1\Editor\Data\PlaybackEngines\AndroidPlayer\SDK\tools\bin\..\lib\error_prone_annotations-2.0.18.jar;D:\Unity\2020.1.16f1\Editor\Data\PlaybackEngines\AndroidPlayer\SDK\tools\bin\..\lib\animal-sniffer-annotations-1.14.jar;D:\Unity\2020.1.16f1\Editor\Data\PlaybackEngines\AndroidPlayer\SDK\tools\bin\..\lib\httpclient-4.2.6.jar;D:\Unity\2020.1.16f1\Editor\Data\PlaybackEngines\AndroidPlayer\SDK\tools\bin\..\lib\commons-codec-1.6.jar;D:\Unity\2020.1.16f1\Editor\Data\PlaybackEngines\AndroidPlayer\SDK\tools\bin\..\lib\common-26.0.0-dev.jar;D:\Unity\2020.1.16f1\Editor\Data\PlaybackEngines\AndroidPlayer\SDK\tools\bin\..\lib\kxml2-2.3.0.jar;D:\Unity\2020.1.16f1\Editor\Data\PlaybackEngines\AndroidPlayer\SDK\tools\bin\..\lib\httpmime-4.1.jar;D:\Unity\2020.1.16f1\Editor\Data\PlaybackEngi
Launcher Type: SUN_STANDARD

Environment Variables:
JAVA_HOME=D:\Unity\2020.1.16f1\Editor\Data\PlaybackEngines\AndroidPlayer\OpenJDK
JAVA_TOOL_OPTIONS=-Dfile.encoding=UTF-8
PATH=C:\Program Files (x86)\Common Files\Oracle\Java\javapath;C:\WINDOWS\system32;C:\WINDOWS;C:\WINDOWS\System32\Wbem;C:\WINDOWS\System32\WindowsPowerShell\v1.0\;C:\WINDOWS\System32\OpenSSH\;C:\Program Files\Git\cmd;C:\Program Files\dotnet\;C:\Program Files\Microsoft SQL Server\130\Tools\Binn\;C:\Program Files\Microsoft SQL Server\Client SDK\ODBC\170\Tools\Binn\;C:\Program Files (x86)\Windows Kits\10\Windows Performance Toolkit\;C:\Users\User\AppData\Local\Microsoft\WindowsApps;;D:\Unity\Microsoft VS Code\bin
USERNAME=User
OS=Windows_NT
PROCESSOR_IDENTIFIER=Intel64 Family 6 Model 142 Stepping 10, GenuineIntel



---------------  S Y S T E M  ---------------

OS: Windows 10.0 , 64 bit Build 18362 (10.0.18362.1110)

CPU:total 8 (initial active 8) (4 cores per cpu, 2 threads per core) family 6 model 142 stepping 10, cmov, cx8, fxsr, mmx, sse, sse2, sse3, ssse3, sse4.1, sse4.2, popcnt, avx, avx2, aes, clmul, erms, 3dnowpref, lzcnt, ht, tsc, tscinvbit, bmi1, bmi2, adx

Memory: 4k page, physical 8291556k(864940k free), swap 12485860k(4132k free)

vm_info: OpenJDK 64-Bit Server VM (25.71-b00) for windows-amd64 JRE (1.8.0-adoptopenjdk-_2018_05_19_00_59-b00), built on May 19 2018 01:02:12 by "jenkins" with MS VC++ 10.0 (VS2010)

time: Wed Dec 09 12:58:28 2020
elapsed time: 4 seconds (0d 0h 0m 4s)

